d:\maze2\maze2\maze2\x64\debug\vc143.pdb
d:\maze2\maze2\maze2\x64\debug\vc143.idb
d:\maze2\maze2\maze2\x64\debug\useprop.obj
d:\maze2\maze2\maze2\x64\debug\teamview.obj
d:\maze2\maze2\maze2\x64\debug\settingview.obj
d:\maze2\maze2\maze2\x64\debug\resultview.obj
d:\maze2\maze2\maze2\x64\debug\printmap.obj
d:\maze2\maze2\maze2\x64\debug\playeroperate.obj
d:\maze2\maze2\maze2\x64\debug\pauseview.obj
d:\maze2\maze2\maze2\x64\debug\pausegame.obj
d:\maze2\maze2\maze2\x64\debug\moveplayer.obj
d:\maze2\maze2\maze2\x64\debug\menuview.obj
d:\maze2\maze2\maze2\x64\debug\main.obj
d:\maze2\maze2\maze2\x64\debug\levelselectview.obj
d:\maze2\maze2\maze2\x64\debug\iswin.obj
d:\maze2\maze2\maze2\x64\debug\islose.obj
d:\maze2\maze2\maze2\x64\debug\instructionview.obj
d:\maze2\maze2\maze2\x64\debug\initgame.obj
d:\maze2\maze2\maze2\x64\debug\global.obj
d:\maze2\maze2\maze2\x64\debug\gameview.obj
d:\maze2\maze2\x64\debug\maze2.exe
d:\maze2\maze2\x64\debug\maze2.pdb
d:\maze2\maze2\maze2\x64\debug\maze2.ilk
d:\maze2\maze2\maze2\x64\debug\maze2.tlog\cl.command.1.tlog
d:\maze2\maze2\maze2\x64\debug\maze2.tlog\cl.items.tlog
d:\maze2\maze2\maze2\x64\debug\maze2.tlog\cl.read.1.tlog
d:\maze2\maze2\maze2\x64\debug\maze2.tlog\cl.write.1.tlog
d:\maze2\maze2\maze2\x64\debug\maze2.tlog\link.command.1.tlog
d:\maze2\maze2\maze2\x64\debug\maze2.tlog\link.read.1.tlog
d:\maze2\maze2\maze2\x64\debug\maze2.tlog\link.secondary.1.tlog
d:\maze2\maze2\maze2\x64\debug\maze2.tlog\link.write.1.tlog
